<?xml version="1.0" encoding="UTF-8"?>
<!-- Generated by org.testng.reporters.JUnitReportReporter -->
<testsuite hostname="VAIO" name="de.philulay.jenkinsbeispiel.TestNGTests" tests="7" failures="0" timestamp="3 Oct 2015 10:31:38 GMT" time="0,031" errors="0">
  <testcase name="TestFak5i" time="0,000" classname="de.philulay.jenkinsbeispiel.TestNGTests"/>
  <testcase name="NichtBeideWahr" time="0,000" classname="de.philulay.jenkinsbeispiel.TestNGTests"/>
  <testcase name="BeideWahr" time="0,016" classname="de.philulay.jenkinsbeispiel.TestNGTests"/>
  <testcase name="NichtsWahr" time="0,000" classname="de.philulay.jenkinsbeispiel.TestNGTests"/>
  <testcase name="TestFibr" time="0,000" classname="de.philulay.jenkinsbeispiel.TestNGTests"/>
  <testcase name="TestFibi" time="0,015" classname="de.philulay.jenkinsbeispiel.TestNGTests"/>
  <testcase name="TestFak5r" time="0,000" classname="de.philulay.jenkinsbeispiel.TestNGTests"/>
</testsuite>
