<?xml version="1.0" encoding="UTF-8"?>
<!-- Generated by org.testng.reporters.JUnitReportReporter -->
<testsuite hostname="VAIO" name="de.philulay.jenkinsbeispiel.FibonacciTest" tests="1" failures="0" timestamp="3 Oct 2015 10:31:38 GMT" time="0,000" errors="0">
  <testcase name="testFibonacci" time="0,000" classname="de.philulay.jenkinsbeispiel.FibonacciTest"/>
</testsuite>
